<?xml version="1.0" encoding="UTF-8"?>
<!-- Generated by org.testng.reporters.JUnitXMLReporter -->
<testsuite hostname="AMMQA10" ignored="2" tests="5" failures="0" timestamp="2021-10-28T12:00:11 AMT" time="65.242" errors="0">
  <testcase name="ParallelTesting" time="0.001" classname="ChangePasswordTest"/>
  <testcase name="ParallelTesting2" time="0.0" classname="ChangePasswordTest"/>
  <testcase name="ShouldBeAbleToChangePassword" time="21.72" classname="LoginTest"/>
  <testcase name="ShouldLoginWithValidCredentials" time="2.658" classname="LoginTest"/>
  <testcase name="ShouldNotLoginWithInvalidCredentials" time="1.416" classname="LoginTest"/>
  <testcase name="@BeforeSuite beforeSuite" time="0.0" classname="General.BaseTest">
    <ignored/>
  </testcase> <!-- @BeforeSuite beforeSuite -->
  <testcase name="@AfterSuite afterSuite" time="0.0" classname="General.BaseTest">
    <ignored/>
  </testcase> <!-- @AfterSuite afterSuite -->
</testsuite>
