<?xml version="1.0" encoding="UTF-8"?>
<testng-results skipped="0" failed="1" ignored="2" total="7" passed="4">
  <reporter-output>
  </reporter-output>
  <suite name="Command line suite" duration-ms="57540" started-at="2021-12-03T16:56:49 AMT" finished-at="2021-12-03T16:57:46 AMT">
    <groups>
    </groups>
    <test name="Command line test" duration-ms="57540" started-at="2021-12-03T16:56:49 AMT" finished-at="2021-12-03T16:57:46 AMT">
      <class name="LoginTest">
        <test-method status="PASS" signature="beforeClass()[pri:0, instance:LoginTest@63376bed]" name="beforeClass" is-config="true" duration-ms="1467" started-at="2021-12-03T16:57:03 AMT" finished-at="2021-12-03T16:57:05 AMT">
          <reporter-output>
          </reporter-output>
        </test-method> <!-- beforeClass -->
        <test-method status="PASS" signature="LoginTestSetup()[pri:0, instance:LoginTest@63376bed]" name="LoginTestSetup" is-config="true" duration-ms="8646" started-at="2021-12-03T16:57:05 AMT" finished-at="2021-12-03T16:57:13 AMT">
          <reporter-output>
          </reporter-output>
        </test-method> <!-- LoginTestSetup -->
        <test-method status="PASS" signature="LoginWithInvalidCredentials()[pri:0, instance:LoginTest@63376bed]" name="LoginWithInvalidCredentials" duration-ms="2044" started-at="2021-12-03T16:57:13 AMT" finished-at="2021-12-03T16:57:15 AMT">
          <reporter-output>
          </reporter-output>
        </test-method> <!-- LoginWithInvalidCredentials -->
        <test-method status="PASS" signature="LoginWithValidCredentials()[pri:0, instance:LoginTest@63376bed]" name="LoginWithValidCredentials" duration-ms="2228" started-at="2021-12-03T16:57:15 AMT" finished-at="2021-12-03T16:57:18 AMT">
          <reporter-output>
          </reporter-output>
        </test-method> <!-- LoginWithValidCredentials -->
        <test-method status="FAIL" signature="ResetPassword()[pri:0, instance:LoginTest@63376bed]" name="ResetPassword" duration-ms="24263" started-at="2021-12-03T16:57:18 AMT" finished-at="2021-12-03T16:57:42 AMT">
          <exception class="com.sun.mail.util.MailConnectException">
            <message>
              <![CDATA[Couldn't connect to host, port: imap.gmail.com, 993; timeout -1]]>
            </message>
            <full-stacktrace>
              <![CDATA[com.sun.mail.util.MailConnectException: Couldn't connect to host, port: imap.gmail.com, 993; timeout -1;
  nested exception is:
java.net.ConnectException: Connection timed out: connect
at com.sun.mail.imap.IMAPStore.protocolConnect(IMAPStore.java:740)
at javax.mail.Service.connect(Service.java:366)
at javax.mail.Service.connect(Service.java:246)
at General.Helper.GetForgotPasswordConfirmationCode(Helper.java:125)
at LoginTest.ResetPassword(LoginTest.java:43)
at sun.reflect.NativeMethodAccessorImpl.invoke0(Native Method)
at sun.reflect.NativeMethodAccessorImpl.invoke(NativeMethodAccessorImpl.java:62)
at sun.reflect.DelegatingMethodAccessorImpl.invoke(DelegatingMethodAccessorImpl.java:43)
at java.lang.reflect.Method.invoke(Method.java:498)
at org.testng.internal.MethodInvocationHelper.invokeMethod(MethodInvocationHelper.java:133)
at org.testng.internal.TestInvoker.invokeMethod(TestInvoker.java:598)
at org.testng.internal.TestInvoker.invokeTestMethod(TestInvoker.java:173)
at org.testng.internal.MethodRunner.runInSequence(MethodRunner.java:46)
at org.testng.internal.TestInvoker$MethodInvocationAgent.invoke(TestInvoker.java:824)
at org.testng.internal.TestInvoker.invokeTestMethods(TestInvoker.java:146)
at org.testng.internal.TestMethodWorker.invokeTestMethods(TestMethodWorker.java:146)
at org.testng.internal.TestMethodWorker.run(TestMethodWorker.java:128)
at java.util.ArrayList.forEach(ArrayList.java:1259)
at org.testng.TestRunner.privateRun(TestRunner.java:794)
at org.testng.TestRunner.run(TestRunner.java:596)
at org.testng.SuiteRunner.runTest(SuiteRunner.java:377)
at org.testng.SuiteRunner.runSequentially(SuiteRunner.java:371)
at org.testng.SuiteRunner.privateRun(SuiteRunner.java:332)
at org.testng.SuiteRunner.run(SuiteRunner.java:276)
at org.testng.SuiteRunnerWorker.runSuite(SuiteRunnerWorker.java:53)
at org.testng.SuiteRunnerWorker.run(SuiteRunnerWorker.java:96)
at org.testng.TestNG.runSuitesSequentially(TestNG.java:1212)
at org.testng.TestNG.runSuitesLocally(TestNG.java:1134)
at org.testng.TestNG.runSuites(TestNG.java:1063)
at org.testng.TestNG.run(TestNG.java:1031)
at org.apache.maven.surefire.testng.TestNGExecutor.run(TestNGExecutor.java:77)
at org.apache.maven.surefire.testng.TestNGDirectoryTestSuite.executeMulti(TestNGDirectoryTestSuite.java:159)
at org.apache.maven.surefire.testng.TestNGDirectoryTestSuite.execute(TestNGDirectoryTestSuite.java:99)
at org.apache.maven.surefire.testng.TestNGProvider.invoke(TestNGProvider.java:106)
at sun.reflect.NativeMethodAccessorImpl.invoke0(Native Method)
at sun.reflect.NativeMethodAccessorImpl.invoke(NativeMethodAccessorImpl.java:62)
at sun.reflect.DelegatingMethodAccessorImpl.invoke(DelegatingMethodAccessorImpl.java:43)
at java.lang.reflect.Method.invoke(Method.java:498)
at org.apache.maven.surefire.util.ReflectionUtils.invokeMethodWithArray(ReflectionUtils.java:189)
at org.apache.maven.surefire.booter.ProviderFactory$ProviderProxy.invoke(ProviderFactory.java:165)
at org.apache.maven.surefire.booter.ProviderFactory.invokeProvider(ProviderFactory.java:85)
at org.apache.maven.surefire.booter.ForkedBooter.runSuitesInProcess(ForkedBooter.java:115)
at org.apache.maven.surefire.booter.ForkedBooter.main(ForkedBooter.java:75)
Caused by: java.net.ConnectException: Connection timed out: connect
at java.net.DualStackPlainSocketImpl.connect0(Native Method)
at java.net.DualStackPlainSocketImpl.socketConnect(DualStackPlainSocketImpl.java:75)
at java.net.AbstractPlainSocketImpl.doConnect(AbstractPlainSocketImpl.java:476)
at java.net.AbstractPlainSocketImpl.connectToAddress(AbstractPlainSocketImpl.java:218)
at java.net.AbstractPlainSocketImpl.connect(AbstractPlainSocketImpl.java:200)
at java.net.PlainSocketImpl.connect(PlainSocketImpl.java:162)
at java.net.SocksSocketImpl.connect(SocksSocketImpl.java:394)
at java.net.Socket.connect(Socket.java:606)
at java.net.Socket.connect(Socket.java:555)
at com.sun.mail.util.SocketFetcher.createSocket(SocketFetcher.java:359)
at com.sun.mail.util.SocketFetcher.getSocket(SocketFetcher.java:238)
at com.sun.mail.iap.Protocol.<init>(Protocol.java:134)
at com.sun.mail.imap.protocol.IMAPProtocol.<init>(IMAPProtocol.java:131)
at com.sun.mail.imap.IMAPStore.newIMAPProtocol(IMAPStore.java:763)
at com.sun.mail.imap.IMAPStore.protocolConnect(IMAPStore.java:698)
... 42 more
]]>
            </full-stacktrace>
          </exception> <!-- com.sun.mail.util.MailConnectException -->
          <reporter-output>
          </reporter-output>
        </test-method> <!-- ResetPassword -->
        <test-method status="PASS" signature="CloseDriverAfterEachClassExecution()[pri:0, instance:LoginTest@63376bed]" name="CloseDriverAfterEachClassExecution" is-config="true" duration-ms="4175" started-at="2021-12-03T16:57:42 AMT" finished-at="2021-12-03T16:57:46 AMT">
          <reporter-output>
          </reporter-output>
        </test-method> <!-- CloseDriverAfterEachClassExecution -->
      </class> <!-- LoginTest -->
      <class name="ChangePasswordTest">
        <test-method status="PASS" signature="beforeSuite()[pri:0, instance:ChangePasswordTest@1e6a3214]" name="beforeSuite" is-config="true" duration-ms="11" started-at="2021-12-03T16:56:48 AMT" finished-at="2021-12-03T16:56:49 AMT">
          <reporter-output>
          </reporter-output>
        </test-method> <!-- beforeSuite -->
        <test-method status="PASS" signature="beforeClass()[pri:0, instance:ChangePasswordTest@1e6a3214]" name="beforeClass" is-config="true" duration-ms="2531" started-at="2021-12-03T16:56:49 AMT" finished-at="2021-12-03T16:56:51 AMT">
          <reporter-output>
          </reporter-output>
        </test-method> <!-- beforeClass -->
        <test-method status="PASS" signature="initChangePassPage()[pri:0, instance:ChangePasswordTest@1e6a3214]" name="initChangePassPage" is-config="true" duration-ms="7993" started-at="2021-12-03T16:56:51 AMT" finished-at="2021-12-03T16:56:59 AMT">
          <reporter-output>
          </reporter-output>
        </test-method> <!-- initChangePassPage -->
        <test-method status="PASS" signature="ParallelTesting()[pri:0, instance:ChangePasswordTest@1e6a3214]" name="ParallelTesting" duration-ms="1" started-at="2021-12-03T16:56:59 AMT" finished-at="2021-12-03T16:56:59 AMT">
          <reporter-output>
          </reporter-output>
        </test-method> <!-- ParallelTesting -->
        <test-method status="PASS" signature="ParallelTesting2()[pri:0, instance:ChangePasswordTest@1e6a3214]" name="ParallelTesting2" duration-ms="0" started-at="2021-12-03T16:56:59 AMT" finished-at="2021-12-03T16:56:59 AMT">
          <reporter-output>
          </reporter-output>
        </test-method> <!-- ParallelTesting2 -->
        <test-method status="PASS" signature="CloseDriverAfterEachClassExecution()[pri:0, instance:ChangePasswordTest@1e6a3214]" name="CloseDriverAfterEachClassExecution" is-config="true" duration-ms="4162" started-at="2021-12-03T16:56:59 AMT" finished-at="2021-12-03T16:57:03 AMT">
          <reporter-output>
          </reporter-output>
        </test-method> <!-- CloseDriverAfterEachClassExecution -->
        <test-method status="FAIL" signature="afterSuite()[pri:0, instance:ChangePasswordTest@1e6a3214]" name="afterSuite" is-config="true" duration-ms="535" started-at="2021-12-03T16:57:46 AMT" finished-at="2021-12-03T16:57:47 AMT">
          <exception class="java.lang.NullPointerException">
            <full-stacktrace>
              <![CDATA[java.lang.NullPointerException
at General.BaseTest.afterSuite(BaseTest.java:39)
at sun.reflect.NativeMethodAccessorImpl.invoke0(Native Method)
at sun.reflect.NativeMethodAccessorImpl.invoke(NativeMethodAccessorImpl.java:62)
at sun.reflect.DelegatingMethodAccessorImpl.invoke(DelegatingMethodAccessorImpl.java:43)
at java.lang.reflect.Method.invoke(Method.java:498)
at org.testng.internal.MethodInvocationHelper.invokeMethod(MethodInvocationHelper.java:133)
at org.testng.internal.MethodInvocationHelper.invokeMethodConsideringTimeout(MethodInvocationHelper.java:62)
at org.testng.internal.ConfigInvoker.invokeConfigurationMethod(ConfigInvoker.java:385)
at org.testng.internal.ConfigInvoker.invokeConfigurations(ConfigInvoker.java:321)
at org.testng.SuiteRunner.privateRun(SuiteRunner.java:344)
at org.testng.SuiteRunner.run(SuiteRunner.java:276)
at org.testng.SuiteRunnerWorker.runSuite(SuiteRunnerWorker.java:53)
at org.testng.SuiteRunnerWorker.run(SuiteRunnerWorker.java:96)
at org.testng.TestNG.runSuitesSequentially(TestNG.java:1212)
at org.testng.TestNG.runSuitesLocally(TestNG.java:1134)
at org.testng.TestNG.runSuites(TestNG.java:1063)
at org.testng.TestNG.run(TestNG.java:1031)
at org.apache.maven.surefire.testng.TestNGExecutor.run(TestNGExecutor.java:77)
at org.apache.maven.surefire.testng.TestNGDirectoryTestSuite.executeMulti(TestNGDirectoryTestSuite.java:159)
at org.apache.maven.surefire.testng.TestNGDirectoryTestSuite.execute(TestNGDirectoryTestSuite.java:99)
at org.apache.maven.surefire.testng.TestNGProvider.invoke(TestNGProvider.java:106)
at sun.reflect.NativeMethodAccessorImpl.invoke0(Native Method)
at sun.reflect.NativeMethodAccessorImpl.invoke(NativeMethodAccessorImpl.java:62)
at sun.reflect.DelegatingMethodAccessorImpl.invoke(DelegatingMethodAccessorImpl.java:43)
at java.lang.reflect.Method.invoke(Method.java:498)
at org.apache.maven.surefire.util.ReflectionUtils.invokeMethodWithArray(ReflectionUtils.java:189)
at org.apache.maven.surefire.booter.ProviderFactory$ProviderProxy.invoke(ProviderFactory.java:165)
at org.apache.maven.surefire.booter.ProviderFactory.invokeProvider(ProviderFactory.java:85)
at org.apache.maven.surefire.booter.ForkedBooter.runSuitesInProcess(ForkedBooter.java:115)
at org.apache.maven.surefire.booter.ForkedBooter.main(ForkedBooter.java:75)
]]>
            </full-stacktrace>
          </exception> <!-- java.lang.NullPointerException -->
          <reporter-output>
          </reporter-output>
        </test-method> <!-- afterSuite -->
      </class> <!-- ChangePasswordTest -->
    </test> <!-- Command line test -->
  </suite> <!-- Command line suite -->
</testng-results>
