<?xml version="1.0" encoding="UTF-8" ?>
<testsuite tests="6" failures="2" name="TestSuite" time="57.569" errors="0" skipped="0">
  <properties>
[...]
</properties>
  <testcase classname="ChangePasswordTest" name="ParallelTesting" time="0.002"/>
  <testcase classname="ChangePasswordTest" name="ParallelTesting2" time="0"/>
  <testcase classname="LoginTest" name="LoginWithInvalidCredentials" time="2.044"/>
  <testcase classname="LoginTest" name="LoginWithValidCredentials" time="2.229"/>
  <testcase classname="LoginTest" name="ResetPassword" time="24.272">
    <failure message="Couldn&apos;t connect to host, port: imap.gmail.com, 993; timeout -1" type="com.sun.mail.util.MailConnectException">com.sun.mail.util.MailConnectException: Couldn&apos;t connect to host, port: imap.gmail.com, 993; timeout -1;
  nested exception is:
	java.net.ConnectException: Connection timed out: connect
	at com.sun.mail.imap.IMAPStore.protocolConnect(IMAPStore.java:740)
	at javax.mail.Service.connect(Service.java:366)
	at javax.mail.Service.connect(Service.java:246)
	at General.Helper.GetForgotPasswordConfirmationCode(Helper.java:125)
	at LoginTest.ResetPassword(LoginTest.java:43)
Caused by: java.net.ConnectException: Connection timed out: connect
	at java.net.DualStackPlainSocketImpl.connect0(Native Method)
	at java.net.DualStackPlainSocketImpl.socketConnect(DualStackPlainSocketImpl.java:75)
	at java.net.AbstractPlainSocketImpl.doConnect(AbstractPlainSocketImpl.java:476)
	at java.net.AbstractPlainSocketImpl.connectToAddress(AbstractPlainSocketImpl.java:218)
	at java.net.AbstractPlainSocketImpl.connect(AbstractPlainSocketImpl.java:200)
	at java.net.PlainSocketImpl.connect(PlainSocketImpl.java:162)
	at java.net.SocksSocketImpl.connect(SocksSocketImpl.java:394)
	at java.net.Socket.connect(Socket.java:606)
	at java.net.Socket.connect(Socket.java:555)
	at com.sun.mail.util.SocketFetcher.createSocket(SocketFetcher.java:359)
	at com.sun.mail.util.SocketFetcher.getSocket(SocketFetcher.java:238)
	at com.sun.mail.iap.Protocol.&lt;init&gt;(Protocol.java:134)
	at com.sun.mail.imap.protocol.IMAPProtocol.&lt;init&gt;(IMAPProtocol.java:131)
	at com.sun.mail.imap.IMAPStore.newIMAPProtocol(IMAPStore.java:763)
	at com.sun.mail.imap.IMAPStore.protocolConnect(IMAPStore.java:698)
	... 42 more
</failure>
    <system-out>DEBUG: JavaMail version 1.6.2
DEBUG: successfully loaded resource: /META-INF/javamail.default.address.map
DEBUG: getProvider() returning javax.mail.Provider[STORE,imaps,com.sun.mail.imap.IMAPSSLStore,Oracle]
DEBUG IMAPS: mail.imap.fetchsize: 16384
DEBUG IMAPS: mail.imap.ignorebodystructuresize: false
DEBUG IMAPS: mail.imap.statuscachetimeout: 1000
DEBUG IMAPS: mail.imap.appendbuffersize: -1
DEBUG IMAPS: mail.imap.minidletime: 10
DEBUG IMAPS: closeFoldersOnStoreFailure
DEBUG IMAPS: trying to connect to host &quot;imap.gmail.com&quot;, port 993, isSSL true
</system-out>
  </testcase>
  <testcase classname="ChangePasswordTest" name="afterSuite" time="29.022">
    <failure type="java.lang.NullPointerException">java.lang.NullPointerException
	at General.BaseTest.afterSuite(BaseTest.java:39)
	at sun.reflect.NativeMethodAccessorImpl.invoke0(Native Method)
	at sun.reflect.NativeMethodAccessorImpl.invoke(NativeMethodAccessorImpl.java:62)
	at sun.reflect.DelegatingMethodAccessorImpl.invoke(DelegatingMethodAccessorImpl.java:43)
	at java.lang.reflect.Method.invoke(Method.java:498)
	at org.testng.internal.MethodInvocationHelper.invokeMethod(MethodInvocationHelper.java:133)
	at org.testng.internal.MethodInvocationHelper.invokeMethodConsideringTimeout(MethodInvocationHelper.java:62)
	at org.testng.internal.ConfigInvoker.invokeConfigurationMethod(ConfigInvoker.java:385)
	at org.testng.internal.ConfigInvoker.invokeConfigurations(ConfigInvoker.java:321)
	at org.testng.SuiteRunner.privateRun(SuiteRunner.java:344)
	at org.testng.SuiteRunner.run(SuiteRunner.java:276)
	at org.testng.SuiteRunnerWorker.runSuite(SuiteRunnerWorker.java:53)
	at org.testng.SuiteRunnerWorker.run(SuiteRunnerWorker.java:96)
	at org.testng.TestNG.runSuitesSequentially(TestNG.java:1212)
	at org.testng.TestNG.runSuitesLocally(TestNG.java:1134)
	at org.testng.TestNG.runSuites(TestNG.java:1063)
	at org.testng.TestNG.run(TestNG.java:1031)
	at org.apache.maven.surefire.testng.TestNGExecutor.run(TestNGExecutor.java:77)
	at org.apache.maven.surefire.testng.TestNGDirectoryTestSuite.executeMulti(TestNGDirectoryTestSuite.java:159)
	at org.apache.maven.surefire.testng.TestNGDirectoryTestSuite.execute(TestNGDirectoryTestSuite.java:99)
	at org.apache.maven.surefire.testng.TestNGProvider.invoke(TestNGProvider.java:106)
	at sun.reflect.NativeMethodAccessorImpl.invoke0(Native Method)
	at sun.reflect.NativeMethodAccessorImpl.invoke(NativeMethodAccessorImpl.java:62)
	at sun.reflect.DelegatingMethodAccessorImpl.invoke(DelegatingMethodAccessorImpl.java:43)
	at java.lang.reflect.Method.invoke(Method.java:498)
	at org.apache.maven.surefire.util.ReflectionUtils.invokeMethodWithArray(ReflectionUtils.java:189)
	at org.apache.maven.surefire.booter.ProviderFactory$ProviderProxy.invoke(ProviderFactory.java:165)
	at org.apache.maven.surefire.booter.ProviderFactory.invokeProvider(ProviderFactory.java:85)
	at org.apache.maven.surefire.booter.ForkedBooter.runSuitesInProcess(ForkedBooter.java:115)
	at org.apache.maven.surefire.booter.ForkedBooter.main(ForkedBooter.java:75)
</failure>
    <system-out>[INFO ] 2021-12-03 16:57:42 [main] BaseTest - LoginTest tests have been executed.
[INFO ] 2021-12-03 16:57:46 [main] BaseTest - The test suite execution has just completed.
</system-out>
  </testcase>
</testsuite>